TN:
SF:src/modules/appointments/services/CreateAppointmentService.ts
FN:14,(anonymous_1)
FN:16,(anonymous_2)
FNF:2
FNH:2
FNDA:2,(anonymous_1)
FNDA:3,(anonymous_2)
DA:1,1
DA:3,1
DA:14,2
DA:17,3
DA:18,3
DA:22,3
DA:23,1
DA:26,2
DA:31,2
DA:35,1
LF:10
LH:10
BRDA:22,0,0,1
BRDA:22,0,1,2
BRF:2
BRH:2
end_of_record
TN:
SF:src/modules/users/services/AuthenticateUserService.ts
FN:21,(anonymous_1)
FN:23,(anonymous_2)
FNF:2
FNH:0
FNDA:0,(anonymous_1)
FNDA:0,(anonymous_2)
DA:2,0
DA:3,0
DA:5,0
DA:6,0
DA:21,0
DA:24,0
DA:26,0
DA:27,0
DA:30,0
DA:32,0
DA:33,0
DA:36,0
DA:38,0
DA:43,0
DA:50,0
LF:15
LH:0
BRDA:26,0,0,0
BRDA:26,0,1,0
BRDA:32,1,0,0
BRDA:32,1,1,0
BRF:4
BRH:0
end_of_record
TN:
SF:src/modules/users/services/CreateUserService.ts
FN:15,(anonymous_1)
FN:17,(anonymous_2)
FNF:2
FNH:0
FNDA:0,(anonymous_1)
FNDA:0,(anonymous_2)
DA:1,0
DA:3,0
DA:15,0
DA:19,0
DA:21,0
DA:22,0
DA:25,0
DA:27,0
DA:33,0
DA:37,0
LF:10
LH:0
BRDA:21,0,0,0
BRDA:21,0,1,0
BRF:2
BRH:0
end_of_record
TN:
SF:src/modules/users/services/UpdateUserAvatarService.ts
FN:16,(anonymous_1)
FN:18,(anonymous_2)
FNF:2
FNH:0
FNDA:0,(anonymous_1)
FNDA:0,(anonymous_2)
DA:1,0
DA:2,0
DA:4,0
DA:6,0
DA:16,0
DA:20,0
DA:22,0
DA:23,0
DA:27,0
DA:28,0
DA:30,0
DA:32,0
DA:33,0
DA:37,0
DA:39,0
DA:41,0
DA:45,0
LF:17
LH:0
BRDA:22,0,0,0
BRDA:22,0,1,0
BRDA:27,1,0,0
BRDA:27,1,1,0
BRDA:32,2,0,0
BRDA:32,2,1,0
BRF:6
BRH:0
end_of_record
