TN:
SF:src/modules/appointments/services/CreateAppointmentService.ts
FN:16,(anonymous_5)
FN:21,(anonymous_6)
FNF:2
FNH:2
FNDA:2,(anonymous_5)
FNDA:3,(anonymous_6)
DA:1,1
DA:2,1
DA:4,1
DA:15,1
DA:18,2
DA:22,3
DA:23,3
DA:27,3
DA:28,1
DA:31,2
DA:36,2
DA:40,1
LF:12
LH:12
BRDA:27,0,0,1
BRDA:27,0,1,2
BRF:2
BRH:2
end_of_record
TN:
SF:src/modules/users/services/AuthenticateUserService.ts
FN:22,(anonymous_5)
FN:30,(anonymous_6)
FNF:2
FNH:2
FNDA:3,(anonymous_5)
FNDA:3,(anonymous_6)
DA:1,1
DA:2,1
DA:5,1
DA:6,1
DA:21,1
DA:24,3
DA:27,3
DA:31,3
DA:33,3
DA:34,1
DA:37,2
DA:39,2
DA:40,1
DA:43,1
DA:45,1
DA:50,1
DA:57,1
LF:17
LH:17
BRDA:33,0,0,1
BRDA:33,0,1,2
BRDA:39,1,0,1
BRDA:39,1,1,1
BRF:4
BRH:4
end_of_record
TN:
SF:src/modules/users/services/CreateUserService.ts
FN:16,(anonymous_5)
FN:24,(anonymous_6)
FNF:2
FNH:2
FNDA:4,(anonymous_5)
FNDA:5,(anonymous_6)
DA:1,2
DA:2,2
DA:14,2
DA:15,2
DA:18,4
DA:21,4
DA:26,5
DA:28,5
DA:29,1
DA:32,4
DA:34,4
DA:40,4
DA:44,2
LF:13
LH:13
BRDA:28,0,0,1
BRDA:28,0,1,4
BRF:2
BRH:2
end_of_record
TN:
SF:src/modules/users/services/UpdateUserAvatarService.ts
FN:19,(anonymous_5)
FN:27,(anonymous_6)
FNF:2
FNH:2
FNDA:3,(anonymous_5)
FNDA:4,(anonymous_6)
DA:3,1
DA:5,1
DA:18,1
DA:21,3
DA:24,3
DA:29,4
DA:31,4
DA:32,1
DA:36,3
DA:37,1
DA:40,3
DA:42,3
DA:44,3
DA:46,3
DA:50,1
LF:15
LH:15
BRDA:31,0,0,1
BRDA:31,0,1,3
BRDA:36,1,0,1
BRDA:36,1,1,2
BRF:4
BRH:4
end_of_record
